{"/Users/macbook-pro/Documents/repos/blog_project/app.js": {"path":"/Users/macbook-pro/Documents/repos/blog_project/app.js","statementMap":{"0":{"start":{"line":1,"column":0},"end":{"line":1,"column":27}},"1":{"start":{"line":2,"column":16},"end":{"line":2,"column":34}},"2":{"start":{"line":3,"column":19},"end":{"line":3,"column":48}},"3":{"start":{"line":4,"column":20},"end":{"line":4,"column":50}},"4":{"start":{"line":5,"column":20},"end":{"line":5,"column":38}},"5":{"start":{"line":6,"column":21},"end":{"line":6,"column":58}},"6":{"start":{"line":8,"column":12},"end":{"line":8,"column":21}},"7":{"start":{"line":11,"column":0},"end":{"line":11,"column":32}},"8":{"start":{"line":14,"column":0},"end":{"line":14,"column":24}},"9":{"start":{"line":15,"column":0},"end":{"line":15,"column":49}},"10":{"start":{"line":17,"column":0},"end":{"line":17,"column":30}},"11":{"start":{"line":18,"column":0},"end":{"line":18,"column":33}},"12":{"start":{"line":20,"column":0},"end":{"line":20,"column":22}},"13":{"start":{"line":21,"column":0},"end":{"line":21,"column":21}}},"fnMap":{},"branchMap":{},"s":{"0":2,"1":2,"2":2,"3":2,"4":2,"5":2,"6":2,"7":2,"8":2,"9":2,"10":2,"11":2,"12":2,"13":2},"f":{},"b":{},"_coverageSchema":"1a1c01bbd47fc00a2c39e90264f33305004495a9","hash":"d7553a6eb862828d9a893c229a5f3ff567899286"}
,"/Users/macbook-pro/Documents/repos/blog_project/controllers/authController.js": {"path":"/Users/macbook-pro/Documents/repos/blog_project/controllers/authController.js","statementMap":{"0":{"start":{"line":1,"column":12},"end":{"line":1,"column":35}},"1":{"start":{"line":3,"column":13},"end":{"line":3,"column":43}},"2":{"start":{"line":5,"column":18},"end":{"line":9,"column":1}},"3":{"start":{"line":6,"column":2},"end":{"line":8,"column":5}},"4":{"start":{"line":11,"column":19},"end":{"line":32,"column":1}},"5":{"start":{"line":12,"column":2},"end":{"line":31,"column":3}},"6":{"start":{"line":13,"column":53},"end":{"line":13,"column":61}},"7":{"start":{"line":14,"column":24},"end":{"line":19,"column":6}},"8":{"start":{"line":20,"column":4},"end":{"line":20,"column":25}},"9":{"start":{"line":21,"column":18},"end":{"line":21,"column":44}},"10":{"start":{"line":22,"column":4},"end":{"line":26,"column":7}},"11":{"start":{"line":28,"column":4},"end":{"line":30,"column":7}},"12":{"start":{"line":33,"column":18},"end":{"line":66,"column":1}},"13":{"start":{"line":34,"column":2},"end":{"line":65,"column":3}},"14":{"start":{"line":35,"column":32},"end":{"line":35,"column":40}},"15":{"start":{"line":39,"column":4},"end":{"line":43,"column":5}},"16":{"start":{"line":40,"column":6},"end":{"line":42,"column":9}},"17":{"start":{"line":46,"column":17},"end":{"line":46,"column":66}},"18":{"start":{"line":48,"column":4},"end":{"line":53,"column":5}},"19":{"start":{"line":49,"column":6},"end":{"line":51,"column":9}},"20":{"start":{"line":52,"column":6},"end":{"line":52,"column":13}},"21":{"start":{"line":56,"column":18},"end":{"line":56,"column":37}},"22":{"start":{"line":57,"column":4},"end":{"line":60,"column":7}},"23":{"start":{"line":62,"column":4},"end":{"line":64,"column":7}},"24":{"start":{"line":68,"column":0},"end":{"line":68,"column":43}}},"fnMap":{"0":{"name":"(anonymous_0)","decl":{"start":{"line":5,"column":18},"end":{"line":5,"column":19}},"loc":{"start":{"line":5,"column":26},"end":{"line":9,"column":1}},"line":5},"1":{"name":"(anonymous_1)","decl":{"start":{"line":11,"column":19},"end":{"line":11,"column":20}},"loc":{"start":{"line":11,"column":45},"end":{"line":32,"column":1}},"line":11},"2":{"name":"(anonymous_2)","decl":{"start":{"line":33,"column":18},"end":{"line":33,"column":19}},"loc":{"start":{"line":33,"column":44},"end":{"line":66,"column":1}},"line":33}},"branchMap":{"0":{"loc":{"start":{"line":29,"column":13},"end":{"line":29,"column":45}},"type":"binary-expr","locations":[{"start":{"line":29,"column":13},"end":{"line":29,"column":26}},{"start":{"line":29,"column":30},"end":{"line":29,"column":45}}],"line":29},"1":{"loc":{"start":{"line":39,"column":4},"end":{"line":43,"column":5}},"type":"if","locations":[{"start":{"line":39,"column":4},"end":{"line":43,"column":5}},{"start":{},"end":{}}],"line":39},"2":{"loc":{"start":{"line":39,"column":8},"end":{"line":39,"column":27}},"type":"binary-expr","locations":[{"start":{"line":39,"column":8},"end":{"line":39,"column":14}},{"start":{"line":39,"column":18},"end":{"line":39,"column":27}}],"line":39},"3":{"loc":{"start":{"line":48,"column":4},"end":{"line":53,"column":5}},"type":"if","locations":[{"start":{"line":48,"column":4},"end":{"line":53,"column":5}},{"start":{},"end":{}}],"line":48},"4":{"loc":{"start":{"line":48,"column":8},"end":{"line":48,"column":71}},"type":"binary-expr","locations":[{"start":{"line":48,"column":8},"end":{"line":48,"column":13}},{"start":{"line":48,"column":17},"end":{"line":48,"column":71}}],"line":48},"5":{"loc":{"start":{"line":63,"column":13},"end":{"line":63,"column":45}},"type":"binary-expr","locations":[{"start":{"line":63,"column":13},"end":{"line":63,"column":26}},{"start":{"line":63,"column":30},"end":{"line":63,"column":45}}],"line":63}},"s":{"0":2,"1":2,"2":2,"3":2,"4":2,"5":2,"6":2,"7":2,"8":1,"9":1,"10":1,"11":1,"12":2,"13":2,"14":2,"15":2,"16":1,"17":1,"18":1,"19":0,"20":0,"21":1,"22":1,"23":0,"24":2},"f":{"0":2,"1":2,"2":2},"b":{"0":[1,0],"1":[1,1],"2":[2,2],"3":[0,1],"4":[1,1],"5":[0,0]},"_coverageSchema":"1a1c01bbd47fc00a2c39e90264f33305004495a9","hash":"d11c4b32f304e01de6fb0b789570c03abe803724"}
,"/Users/macbook-pro/Documents/repos/blog_project/controllers/storyController.js": {"path":"/Users/macbook-pro/Documents/repos/blog_project/controllers/storyController.js","statementMap":{"0":{"start":{"line":1,"column":14},"end":{"line":1,"column":45}},"1":{"start":{"line":3,"column":22},"end":{"line":3,"column":47}},"2":{"start":{"line":5,"column":20},"end":{"line":32,"column":1}},"3":{"start":{"line":6,"column":2},"end":{"line":31,"column":3}},"4":{"start":{"line":8,"column":55},"end":{"line":8,"column":63}},"5":{"start":{"line":11,"column":21},"end":{"line":18,"column":6}},"6":{"start":{"line":21,"column":25},"end":{"line":21,"column":46}},"7":{"start":{"line":22,"column":4},"end":{"line":25,"column":7}},"8":{"start":{"line":27,"column":4},"end":{"line":29,"column":7}},"9":{"start":{"line":30,"column":4},"end":{"line":30,"column":16}},"10":{"start":{"line":33,"column":17},"end":{"line":57,"column":1}},"11":{"start":{"line":34,"column":2},"end":{"line":56,"column":3}},"12":{"start":{"line":35,"column":19},"end":{"line":35,"column":29}},"13":{"start":{"line":36,"column":18},"end":{"line":36,"column":75}},"14":{"start":{"line":38,"column":4},"end":{"line":43,"column":5}},"15":{"start":{"line":39,"column":6},"end":{"line":42,"column":9}},"16":{"start":{"line":46,"column":4},"end":{"line":46,"column":26}},"17":{"start":{"line":47,"column":4},"end":{"line":47,"column":23}},"18":{"start":{"line":49,"column":4},"end":{"line":52,"column":7}},"19":{"start":{"line":54,"column":4},"end":{"line":54,"column":50}},"20":{"start":{"line":55,"column":4},"end":{"line":55,"column":14}},"21":{"start":{"line":58,"column":19},"end":{"line":83,"column":1}},"22":{"start":{"line":59,"column":2},"end":{"line":82,"column":3}},"23":{"start":{"line":60,"column":20},"end":{"line":64,"column":40}},"24":{"start":{"line":66,"column":20},"end":{"line":66,"column":22}},"25":{"start":{"line":67,"column":4},"end":{"line":67,"column":46}},"26":{"start":{"line":68,"column":4},"end":{"line":69,"column":57}},"27":{"start":{"line":69,"column":6},"end":{"line":69,"column":57}},"28":{"start":{"line":70,"column":4},"end":{"line":70,"column":76}},"29":{"start":{"line":70,"column":33},"end":{"line":70,"column":76}},"30":{"start":{"line":72,"column":4},"end":{"line":76,"column":7}},"31":{"start":{"line":78,"column":4},"end":{"line":80,"column":7}},"32":{"start":{"line":81,"column":4},"end":{"line":81,"column":16}},"33":{"start":{"line":84,"column":18},"end":{"line":92,"column":1}},"34":{"start":{"line":85,"column":2},"end":{"line":91,"column":3}},"35":{"start":{"line":87,"column":4},"end":{"line":89,"column":7}},"36":{"start":{"line":90,"column":4},"end":{"line":90,"column":16}},"37":{"start":{"line":94,"column":0},"end":{"line":94,"column":66}}},"fnMap":{"0":{"name":"(anonymous_0)","decl":{"start":{"line":5,"column":20},"end":{"line":5,"column":21}},"loc":{"start":{"line":5,"column":52},"end":{"line":32,"column":1}},"line":5},"1":{"name":"(anonymous_1)","decl":{"start":{"line":33,"column":17},"end":{"line":33,"column":18}},"loc":{"start":{"line":33,"column":49},"end":{"line":57,"column":1}},"line":33},"2":{"name":"(anonymous_2)","decl":{"start":{"line":58,"column":19},"end":{"line":58,"column":20}},"loc":{"start":{"line":58,"column":51},"end":{"line":83,"column":1}},"line":58},"3":{"name":"(anonymous_3)","decl":{"start":{"line":84,"column":18},"end":{"line":84,"column":19}},"loc":{"start":{"line":84,"column":50},"end":{"line":92,"column":1}},"line":84}},"branchMap":{"0":{"loc":{"start":{"line":14,"column":19},"end":{"line":14,"column":39}},"type":"binary-expr","locations":[{"start":{"line":14,"column":19},"end":{"line":14,"column":30}},{"start":{"line":14,"column":34},"end":{"line":14,"column":39}}],"line":14},"1":{"loc":{"start":{"line":28,"column":13},"end":{"line":28,"column":45}},"type":"binary-expr","locations":[{"start":{"line":28,"column":13},"end":{"line":28,"column":26}},{"start":{"line":28,"column":30},"end":{"line":28,"column":45}}],"line":28},"2":{"loc":{"start":{"line":38,"column":4},"end":{"line":43,"column":5}},"type":"if","locations":[{"start":{"line":38,"column":4},"end":{"line":43,"column":5}},{"start":{},"end":{}}],"line":38},"3":{"loc":{"start":{"line":68,"column":4},"end":{"line":69,"column":57}},"type":"if","locations":[{"start":{"line":68,"column":4},"end":{"line":69,"column":57}},{"start":{},"end":{}}],"line":68},"4":{"loc":{"start":{"line":70,"column":4},"end":{"line":70,"column":76}},"type":"if","locations":[{"start":{"line":70,"column":4},"end":{"line":70,"column":76}},{"start":{},"end":{}}],"line":70},"5":{"loc":{"start":{"line":79,"column":13},"end":{"line":79,"column":45}},"type":"binary-expr","locations":[{"start":{"line":79,"column":13},"end":{"line":79,"column":26}},{"start":{"line":79,"column":30},"end":{"line":79,"column":45}}],"line":79},"6":{"loc":{"start":{"line":88,"column":13},"end":{"line":88,"column":45}},"type":"binary-expr","locations":[{"start":{"line":88,"column":13},"end":{"line":88,"column":26}},{"start":{"line":88,"column":30},"end":{"line":88,"column":45}}],"line":88}},"s":{"0":2,"1":2,"2":2,"3":0,"4":0,"5":0,"6":0,"7":0,"8":0,"9":0,"10":2,"11":0,"12":0,"13":0,"14":0,"15":0,"16":0,"17":0,"18":0,"19":0,"20":0,"21":2,"22":0,"23":0,"24":0,"25":0,"26":0,"27":0,"28":0,"29":0,"30":0,"31":0,"32":0,"33":2,"34":0,"35":0,"36":0,"37":2},"f":{"0":0,"1":0,"2":0,"3":0},"b":{"0":[0,0],"1":[0,0],"2":[0,0],"3":[0,0],"4":[0,0],"5":[0,0],"6":[0,0]},"_coverageSchema":"1a1c01bbd47fc00a2c39e90264f33305004495a9","hash":"d5bbfff82e9d7a3096a6738f03105e02de6f24bb"}
,"/Users/macbook-pro/Documents/repos/blog_project/db/db.js": {"path":"/Users/macbook-pro/Documents/repos/blog_project/db/db.js","statementMap":{"0":{"start":{"line":1,"column":17},"end":{"line":1,"column":36}},"1":{"start":{"line":4,"column":2},"end":{"line":11,"column":7}},"2":{"start":{"line":7,"column":6},"end":{"line":7,"column":54}},"3":{"start":{"line":10,"column":6},"end":{"line":10,"column":63}},"4":{"start":{"line":14,"column":0},"end":{"line":14,"column":29}}},"fnMap":{"0":{"name":"connectToDb","decl":{"start":{"line":3,"column":9},"end":{"line":3,"column":20}},"loc":{"start":{"line":3,"column":26},"end":{"line":12,"column":1}},"line":3},"1":{"name":"(anonymous_1)","decl":{"start":{"line":6,"column":10},"end":{"line":6,"column":11}},"loc":{"start":{"line":6,"column":16},"end":{"line":8,"column":5}},"line":6},"2":{"name":"(anonymous_2)","decl":{"start":{"line":9,"column":11},"end":{"line":9,"column":12}},"loc":{"start":{"line":9,"column":20},"end":{"line":11,"column":5}},"line":9}},"branchMap":{},"s":{"0":2,"1":2,"2":2,"3":0,"4":2},"f":{"0":2,"1":2,"2":0},"b":{},"_coverageSchema":"1a1c01bbd47fc00a2c39e90264f33305004495a9","hash":"485edd9a8f327295de44c9ed40e943d57c6a5218"}
,"/Users/macbook-pro/Documents/repos/blog_project/middlewares/errorControl.js": {"path":"/Users/macbook-pro/Documents/repos/blog_project/middlewares/errorControl.js","statementMap":{"0":{"start":{"line":1,"column":0},"end":{"line":20,"column":2}},"1":{"start":{"line":2,"column":2},"end":{"line":6,"column":3}},"2":{"start":{"line":3,"column":4},"end":{"line":5,"column":7}},"3":{"start":{"line":8,"column":2},"end":{"line":13,"column":3}},"4":{"start":{"line":9,"column":4},"end":{"line":12,"column":7}},"5":{"start":{"line":15,"column":2},"end":{"line":17,"column":5}},"6":{"start":{"line":19,"column":2},"end":{"line":19,"column":9}}},"fnMap":{"0":{"name":"(anonymous_0)","decl":{"start":{"line":1,"column":17},"end":{"line":1,"column":18}},"loc":{"start":{"line":1,"column":44},"end":{"line":20,"column":1}},"line":1}},"branchMap":{"0":{"loc":{"start":{"line":2,"column":2},"end":{"line":6,"column":3}},"type":"if","locations":[{"start":{"line":2,"column":2},"end":{"line":6,"column":3}},{"start":{},"end":{}}],"line":2},"1":{"loc":{"start":{"line":8,"column":2},"end":{"line":13,"column":3}},"type":"if","locations":[{"start":{"line":8,"column":2},"end":{"line":13,"column":3}},{"start":{},"end":{}}],"line":8}},"s":{"0":2,"1":0,"2":0,"3":0,"4":0,"5":0,"6":0},"f":{"0":0},"b":{"0":[0,0],"1":[0,0]},"_coverageSchema":"1a1c01bbd47fc00a2c39e90264f33305004495a9","hash":"0fbeca25228f338ae85a4cc0426c8fa6808491ac"}
,"/Users/macbook-pro/Documents/repos/blog_project/middlewares/getBearerToken.js": {"path":"/Users/macbook-pro/Documents/repos/blog_project/middlewares/getBearerToken.js","statementMap":{"0":{"start":{"line":1,"column":0},"end":{"line":16,"column":2}},"1":{"start":{"line":2,"column":2},"end":{"line":15,"column":3}},"2":{"start":{"line":3,"column":26},"end":{"line":3,"column":50}},"3":{"start":{"line":5,"column":4},"end":{"line":7,"column":5}},"4":{"start":{"line":10,"column":4},"end":{"line":10,"column":43}},"5":{"start":{"line":11,"column":4},"end":{"line":11,"column":11}},"6":{"start":{"line":13,"column":4},"end":{"line":13,"column":40}},"7":{"start":{"line":14,"column":4},"end":{"line":14,"column":14}}},"fnMap":{"0":{"name":"(anonymous_0)","decl":{"start":{"line":1,"column":17},"end":{"line":1,"column":18}},"loc":{"start":{"line":1,"column":37},"end":{"line":16,"column":1}},"line":1}},"branchMap":{"0":{"loc":{"start":{"line":5,"column":4},"end":{"line":7,"column":5}},"type":"if","locations":[{"start":{"line":5,"column":4},"end":{"line":7,"column":5}},{"start":{},"end":{}}],"line":5},"1":{"loc":{"start":{"line":5,"column":10},"end":{"line":5,"column":75}},"type":"binary-expr","locations":[{"start":{"line":5,"column":10},"end":{"line":5,"column":23}},{"start":{"line":5,"column":27},"end":{"line":5,"column":75}}],"line":5}},"s":{"0":2,"1":0,"2":0,"3":0,"4":0,"5":0,"6":0,"7":0},"f":{"0":0},"b":{"0":[0,0],"1":[0,0]},"_coverageSchema":"1a1c01bbd47fc00a2c39e90264f33305004495a9","hash":"f37100886cc24fb0d875990a2c9c74e59dece4ef"}
,"/Users/macbook-pro/Documents/repos/blog_project/middlewares/getUserToken.js": {"path":"/Users/macbook-pro/Documents/repos/blog_project/middlewares/getUserToken.js","statementMap":{"0":{"start":{"line":1,"column":13},"end":{"line":1,"column":43}},"1":{"start":{"line":2,"column":12},"end":{"line":2,"column":35}},"2":{"start":{"line":4,"column":0},"end":{"line":19,"column":2}},"3":{"start":{"line":5,"column":2},"end":{"line":18,"column":3}},"4":{"start":{"line":6,"column":26},"end":{"line":6,"column":71}},"5":{"start":{"line":7,"column":17},"end":{"line":7,"column":54}},"6":{"start":{"line":8,"column":4},"end":{"line":10,"column":5}},"7":{"start":{"line":9,"column":6},"end":{"line":9,"column":24}},"8":{"start":{"line":13,"column":4},"end":{"line":13,"column":20}},"9":{"start":{"line":14,"column":4},"end":{"line":14,"column":11}},"10":{"start":{"line":16,"column":4},"end":{"line":16,"column":40}},"11":{"start":{"line":17,"column":4},"end":{"line":17,"column":14}}},"fnMap":{"0":{"name":"(anonymous_0)","decl":{"start":{"line":4,"column":17},"end":{"line":4,"column":18}},"loc":{"start":{"line":4,"column":43},"end":{"line":19,"column":1}},"line":4}},"branchMap":{"0":{"loc":{"start":{"line":8,"column":4},"end":{"line":10,"column":5}},"type":"if","locations":[{"start":{"line":8,"column":4},"end":{"line":10,"column":5}},{"start":{},"end":{}}],"line":8}},"s":{"0":2,"1":2,"2":2,"3":0,"4":0,"5":0,"6":0,"7":0,"8":0,"9":0,"10":0,"11":0},"f":{"0":0},"b":{"0":[0,0]},"_coverageSchema":"1a1c01bbd47fc00a2c39e90264f33305004495a9","hash":"2bd7b02320d0ce988ce63d0b12af8187b15cd80b"}
,"/Users/macbook-pro/Documents/repos/blog_project/middlewares/pagination.js": {"path":"/Users/macbook-pro/Documents/repos/blog_project/middlewares/pagination.js","statementMap":{"0":{"start":{"line":1,"column":14},"end":{"line":1,"column":45}},"1":{"start":{"line":3,"column":0},"end":{"line":61,"column":2}},"2":{"start":{"line":4,"column":2},"end":{"line":60,"column":3}},"3":{"start":{"line":5,"column":4},"end":{"line":5,"column":24}},"4":{"start":{"line":7,"column":24},"end":{"line":7,"column":48}},"5":{"start":{"line":8,"column":24},"end":{"line":8,"column":48}},"6":{"start":{"line":10,"column":15},"end":{"line":10,"column":17}},"7":{"start":{"line":11,"column":13},"end":{"line":11,"column":14}},"8":{"start":{"line":12,"column":4},"end":{"line":13,"column":27}},"9":{"start":{"line":13,"column":6},"end":{"line":13,"column":27}},"10":{"start":{"line":16,"column":4},"end":{"line":24,"column":5}},"11":{"start":{"line":17,"column":6},"end":{"line":19,"column":16}},"12":{"start":{"line":20,"column":11},"end":{"line":24,"column":5}},"13":{"start":{"line":21,"column":6},"end":{"line":23,"column":16}},"14":{"start":{"line":26,"column":23},"end":{"line":26,"column":56}},"15":{"start":{"line":27,"column":4},"end":{"line":32,"column":27}},"16":{"start":{"line":32,"column":6},"end":{"line":32,"column":27}},"17":{"start":{"line":34,"column":18},"end":{"line":34,"column":35}},"18":{"start":{"line":35,"column":16},"end":{"line":35,"column":27}},"19":{"start":{"line":36,"column":4},"end":{"line":41,"column":5}},"20":{"start":{"line":37,"column":6},"end":{"line":40,"column":8}},"21":{"start":{"line":42,"column":4},"end":{"line":47,"column":5}},"22":{"start":{"line":43,"column":6},"end":{"line":46,"column":8}},"23":{"start":{"line":49,"column":4},"end":{"line":49,"column":31}},"24":{"start":{"line":50,"column":4},"end":{"line":50,"column":38}},"25":{"start":{"line":51,"column":4},"end":{"line":51,"column":43}},"26":{"start":{"line":52,"column":4},"end":{"line":52,"column":45}},"27":{"start":{"line":53,"column":4},"end":{"line":53,"column":37}},"28":{"start":{"line":54,"column":4},"end":{"line":54,"column":53}},"29":{"start":{"line":56,"column":4},"end":{"line":56,"column":11}},"30":{"start":{"line":58,"column":4},"end":{"line":58,"column":41}},"31":{"start":{"line":59,"column":4},"end":{"line":59,"column":14}}},"fnMap":{"0":{"name":"(anonymous_0)","decl":{"start":{"line":3,"column":17},"end":{"line":3,"column":18}},"loc":{"start":{"line":3,"column":43},"end":{"line":61,"column":1}},"line":3}},"branchMap":{"0":{"loc":{"start":{"line":12,"column":4},"end":{"line":13,"column":27}},"type":"if","locations":[{"start":{"line":12,"column":4},"end":{"line":13,"column":27}},{"start":{},"end":{}}],"line":12},"1":{"loc":{"start":{"line":12,"column":8},"end":{"line":12,"column":72}},"type":"binary-expr","locations":[{"start":{"line":12,"column":8},"end":{"line":12,"column":29}},{"start":{"line":12,"column":33},"end":{"line":12,"column":50}},{"start":{"line":12,"column":54},"end":{"line":12,"column":72}}],"line":12},"2":{"loc":{"start":{"line":16,"column":4},"end":{"line":24,"column":5}},"type":"if","locations":[{"start":{"line":16,"column":4},"end":{"line":24,"column":5}},{"start":{"line":20,"column":11},"end":{"line":24,"column":5}}],"line":16},"3":{"loc":{"start":{"line":20,"column":11},"end":{"line":24,"column":5}},"type":"if","locations":[{"start":{"line":20,"column":11},"end":{"line":24,"column":5}},{"start":{},"end":{}}],"line":20},"4":{"loc":{"start":{"line":27,"column":4},"end":{"line":32,"column":27}},"type":"if","locations":[{"start":{"line":27,"column":4},"end":{"line":32,"column":27}},{"start":{},"end":{}}],"line":27},"5":{"loc":{"start":{"line":28,"column":6},"end":{"line":30,"column":33}},"type":"binary-expr","locations":[{"start":{"line":28,"column":6},"end":{"line":28,"column":27}},{"start":{"line":29,"column":6},"end":{"line":29,"column":23}},{"start":{"line":30,"column":6},"end":{"line":30,"column":33}}],"line":28},"6":{"loc":{"start":{"line":36,"column":4},"end":{"line":41,"column":5}},"type":"if","locations":[{"start":{"line":36,"column":4},"end":{"line":41,"column":5}},{"start":{},"end":{}}],"line":36},"7":{"loc":{"start":{"line":42,"column":4},"end":{"line":47,"column":5}},"type":"if","locations":[{"start":{"line":42,"column":4},"end":{"line":47,"column":5}},{"start":{},"end":{}}],"line":42}},"s":{"0":2,"1":2,"2":0,"3":0,"4":0,"5":0,"6":0,"7":0,"8":0,"9":0,"10":0,"11":0,"12":0,"13":0,"14":0,"15":0,"16":0,"17":0,"18":0,"19":0,"20":0,"21":0,"22":0,"23":0,"24":0,"25":0,"26":0,"27":0,"28":0,"29":0,"30":0,"31":0},"f":{"0":0},"b":{"0":[0,0],"1":[0,0,0],"2":[0,0],"3":[0,0],"4":[0,0],"5":[0,0,0],"6":[0,0],"7":[0,0]},"_coverageSchema":"1a1c01bbd47fc00a2c39e90264f33305004495a9","hash":"119e73b6ae4426a14ab110cf98f9bc8609ffcde8"}
,"/Users/macbook-pro/Documents/repos/blog_project/misc/extras.js": {"path":"/Users/macbook-pro/Documents/repos/blog_project/misc/extras.js","statementMap":{"0":{"start":{"line":1,"column":18},"end":{"line":6,"column":1}},"1":{"start":{"line":2,"column":20},"end":{"line":2,"column":43}},"2":{"start":{"line":4,"column":25},"end":{"line":4,"column":40}},"3":{"start":{"line":5,"column":2},"end":{"line":5,"column":75}},"4":{"start":{"line":8,"column":0},"end":{"line":8,"column":31}}},"fnMap":{"0":{"name":"(anonymous_0)","decl":{"start":{"line":1,"column":18},"end":{"line":1,"column":19}},"loc":{"start":{"line":1,"column":29},"end":{"line":6,"column":1}},"line":1}},"branchMap":{"0":{"loc":{"start":{"line":5,"column":9},"end":{"line":5,"column":74}},"type":"cond-expr","locations":[{"start":{"line":5,"column":44},"end":{"line":5,"column":45}},{"start":{"line":5,"column":48},"end":{"line":5,"column":74}}],"line":5}},"s":{"0":2,"1":0,"2":0,"3":0,"4":2},"f":{"0":0},"b":{"0":[0,0]},"_coverageSchema":"1a1c01bbd47fc00a2c39e90264f33305004495a9","hash":"2612d7fe10d1be06d461e211d4a23041786dbae1"}
,"/Users/macbook-pro/Documents/repos/blog_project/models/storyModel.js": {"path":"/Users/macbook-pro/Documents/repos/blog_project/models/storyModel.js","statementMap":{"0":{"start":{"line":1,"column":17},"end":{"line":1,"column":36}},"1":{"start":{"line":3,"column":15},"end":{"line":3,"column":30}},"2":{"start":{"line":5,"column":20},"end":{"line":41,"column":1}},"3":{"start":{"line":42,"column":0},"end":{"line":42,"column":54}}},"fnMap":{},"branchMap":{},"s":{"0":2,"1":2,"2":2,"3":2},"f":{},"b":{},"_coverageSchema":"1a1c01bbd47fc00a2c39e90264f33305004495a9","hash":"3d3827cf1cb7066eb7cd60780608361ebd246627"}
,"/Users/macbook-pro/Documents/repos/blog_project/models/userModel.js": {"path":"/Users/macbook-pro/Documents/repos/blog_project/models/userModel.js","statementMap":{"0":{"start":{"line":1,"column":17},"end":{"line":1,"column":36}},"1":{"start":{"line":2,"column":15},"end":{"line":2,"column":30}},"2":{"start":{"line":3,"column":15},"end":{"line":3,"column":32}},"3":{"start":{"line":5,"column":19},"end":{"line":23,"column":2}},"4":{"start":{"line":26,"column":0},"end":{"line":40,"column":3}},"5":{"start":{"line":27,"column":13},"end":{"line":27,"column":17}},"6":{"start":{"line":30,"column":2},"end":{"line":30,"column":50}},"7":{"start":{"line":30,"column":36},"end":{"line":30,"column":50}},"8":{"start":{"line":33,"column":2},"end":{"line":39,"column":5}},"9":{"start":{"line":34,"column":4},"end":{"line":34,"column":30}},"10":{"start":{"line":34,"column":13},"end":{"line":34,"column":30}},"11":{"start":{"line":37,"column":4},"end":{"line":37,"column":25}},"12":{"start":{"line":38,"column":4},"end":{"line":38,"column":11}},"13":{"start":{"line":43,"column":0},"end":{"line":55,"column":2}},"14":{"start":{"line":45,"column":23},"end":{"line":45,"column":36}},"15":{"start":{"line":46,"column":2},"end":{"line":54,"column":5}},"16":{"start":{"line":48,"column":4},"end":{"line":53,"column":7}},"17":{"start":{"line":49,"column":6},"end":{"line":51,"column":7}},"18":{"start":{"line":50,"column":8},"end":{"line":50,"column":27}},"19":{"start":{"line":52,"column":6},"end":{"line":52,"column":20}},"20":{"start":{"line":57,"column":0},"end":{"line":62,"column":3}},"21":{"start":{"line":59,"column":4},"end":{"line":59,"column":30}},"22":{"start":{"line":60,"column":4},"end":{"line":60,"column":35}},"23":{"start":{"line":64,"column":0},"end":{"line":64,"column":52}}},"fnMap":{"0":{"name":"(anonymous_0)","decl":{"start":{"line":26,"column":23},"end":{"line":26,"column":24}},"loc":{"start":{"line":26,"column":39},"end":{"line":40,"column":1}},"line":26},"1":{"name":"(anonymous_1)","decl":{"start":{"line":33,"column":33},"end":{"line":33,"column":34}},"loc":{"start":{"line":33,"column":48},"end":{"line":39,"column":3}},"line":33},"2":{"name":"(anonymous_2)","decl":{"start":{"line":43,"column":37},"end":{"line":43,"column":38}},"loc":{"start":{"line":43,"column":57},"end":{"line":55,"column":1}},"line":43},"3":{"name":"(anonymous_3)","decl":{"start":{"line":46,"column":21},"end":{"line":46,"column":22}},"loc":{"start":{"line":46,"column":42},"end":{"line":54,"column":3}},"line":46},"4":{"name":"(anonymous_4)","decl":{"start":{"line":48,"column":43},"end":{"line":48,"column":44}},"loc":{"start":{"line":48,"column":58},"end":{"line":53,"column":5}},"line":48},"5":{"name":"(anonymous_5)","decl":{"start":{"line":58,"column":13},"end":{"line":58,"column":14}},"loc":{"start":{"line":58,"column":43},"end":{"line":61,"column":3}},"line":58}},"branchMap":{"0":{"loc":{"start":{"line":30,"column":2},"end":{"line":30,"column":50}},"type":"if","locations":[{"start":{"line":30,"column":2},"end":{"line":30,"column":50}},{"start":{},"end":{}}],"line":30},"1":{"loc":{"start":{"line":34,"column":4},"end":{"line":34,"column":30}},"type":"if","locations":[{"start":{"line":34,"column":4},"end":{"line":34,"column":30}},{"start":{},"end":{}}],"line":34},"2":{"loc":{"start":{"line":49,"column":6},"end":{"line":51,"column":7}},"type":"if","locations":[{"start":{"line":49,"column":6},"end":{"line":51,"column":7}},{"start":{},"end":{}}],"line":49}},"s":{"0":2,"1":2,"2":2,"3":2,"4":2,"5":3,"6":3,"7":0,"8":3,"9":3,"10":0,"11":3,"12":3,"13":2,"14":1,"15":1,"16":1,"17":1,"18":0,"19":1,"20":2,"21":2,"22":2,"23":2},"f":{"0":3,"1":3,"2":1,"3":1,"4":1,"5":2},"b":{"0":[0,3],"1":[0,3],"2":[0,1]},"_coverageSchema":"1a1c01bbd47fc00a2c39e90264f33305004495a9","hash":"e202fddf17826acd99a4f88235934d790903941b"}
,"/Users/macbook-pro/Documents/repos/blog_project/routes/storyRoute.js": {"path":"/Users/macbook-pro/Documents/repos/blog_project/routes/storyRoute.js","statementMap":{"0":{"start":{"line":1,"column":15},"end":{"line":1,"column":42}},"1":{"start":{"line":2,"column":24},"end":{"line":2,"column":65}},"2":{"start":{"line":3,"column":23},"end":{"line":3,"column":63}},"3":{"start":{"line":4,"column":21},"end":{"line":4,"column":59}},"4":{"start":{"line":5,"column":19},"end":{"line":5,"column":55}},"5":{"start":{"line":7,"column":0},"end":{"line":7,"column":62}},"6":{"start":{"line":8,"column":0},"end":{"line":8,"column":51}},"7":{"start":{"line":10,"column":0},"end":{"line":10,"column":41}},"8":{"start":{"line":11,"column":0},"end":{"line":11,"column":58}},"9":{"start":{"line":20,"column":0},"end":{"line":20,"column":24}}},"fnMap":{},"branchMap":{},"s":{"0":2,"1":2,"2":2,"3":2,"4":2,"5":2,"6":2,"7":2,"8":2,"9":2},"f":{},"b":{},"_coverageSchema":"1a1c01bbd47fc00a2c39e90264f33305004495a9","hash":"7e774c96a4d7ca426b4751142c63925fb11de8ad"}
,"/Users/macbook-pro/Documents/repos/blog_project/routes/userRoute.js": {"path":"/Users/macbook-pro/Documents/repos/blog_project/routes/userRoute.js","statementMap":{"0":{"start":{"line":1,"column":15},"end":{"line":1,"column":42}},"1":{"start":{"line":3,"column":23},"end":{"line":3,"column":63}},"2":{"start":{"line":6,"column":0},"end":{"line":6,"column":52}},"3":{"start":{"line":7,"column":0},"end":{"line":7,"column":48}},"4":{"start":{"line":9,"column":0},"end":{"line":9,"column":18}},"5":{"start":{"line":11,"column":0},"end":{"line":11,"column":24}}},"fnMap":{},"branchMap":{},"s":{"0":2,"1":2,"2":2,"3":2,"4":2,"5":2},"f":{},"b":{},"_coverageSchema":"1a1c01bbd47fc00a2c39e90264f33305004495a9","hash":"249ca910320883b64e508b3f481e31264fdba78b"}
,"/Users/macbook-pro/Documents/repos/blog_project/tests/testHelper.js": {"path":"/Users/macbook-pro/Documents/repos/blog_project/tests/testHelper.js","statementMap":{"0":{"start":{"line":1,"column":13},"end":{"line":1,"column":43}},"1":{"start":{"line":2,"column":14},"end":{"line":2,"column":45}},"2":{"start":{"line":4,"column":18},"end":{"line":7,"column":1}},"3":{"start":{"line":5,"column":16},"end":{"line":5,"column":35}},"4":{"start":{"line":6,"column":2},"end":{"line":6,"column":44}},"5":{"start":{"line":6,"column":29},"end":{"line":6,"column":42}},"6":{"start":{"line":9,"column":20},"end":{"line":12,"column":1}},"7":{"start":{"line":10,"column":18},"end":{"line":10,"column":38}},"8":{"start":{"line":11,"column":2},"end":{"line":11,"column":48}},"9":{"start":{"line":11,"column":32},"end":{"line":11,"column":46}},"10":{"start":{"line":14,"column":25},"end":{"line":21,"column":1}},"11":{"start":{"line":15,"column":2},"end":{"line":20,"column":4}},"12":{"start":{"line":23,"column":21},"end":{"line":25,"column":1}},"13":{"start":{"line":24,"column":2},"end":{"line":24,"column":42}},"14":{"start":{"line":27,"column":23},"end":{"line":29,"column":1}},"15":{"start":{"line":28,"column":2},"end":{"line":28,"column":44}},"16":{"start":{"line":31,"column":20},"end":{"line":38,"column":1}},"17":{"start":{"line":32,"column":2},"end":{"line":37,"column":4}},"18":{"start":{"line":40,"column":0},"end":{"line":47,"column":2}}},"fnMap":{"0":{"name":"(anonymous_0)","decl":{"start":{"line":4,"column":18},"end":{"line":4,"column":19}},"loc":{"start":{"line":4,"column":30},"end":{"line":7,"column":1}},"line":4},"1":{"name":"(anonymous_1)","decl":{"start":{"line":6,"column":19},"end":{"line":6,"column":20}},"loc":{"start":{"line":6,"column":29},"end":{"line":6,"column":42}},"line":6},"2":{"name":"(anonymous_2)","decl":{"start":{"line":9,"column":20},"end":{"line":9,"column":21}},"loc":{"start":{"line":9,"column":32},"end":{"line":12,"column":1}},"line":9},"3":{"name":"(anonymous_3)","decl":{"start":{"line":11,"column":21},"end":{"line":11,"column":22}},"loc":{"start":{"line":11,"column":32},"end":{"line":11,"column":46}},"line":11},"4":{"name":"(anonymous_4)","decl":{"start":{"line":14,"column":25},"end":{"line":14,"column":26}},"loc":{"start":{"line":14,"column":32},"end":{"line":21,"column":1}},"line":14},"5":{"name":"(anonymous_5)","decl":{"start":{"line":23,"column":21},"end":{"line":23,"column":22}},"loc":{"start":{"line":23,"column":27},"end":{"line":25,"column":1}},"line":23},"6":{"name":"(anonymous_6)","decl":{"start":{"line":27,"column":23},"end":{"line":27,"column":24}},"loc":{"start":{"line":27,"column":29},"end":{"line":29,"column":1}},"line":27},"7":{"name":"(anonymous_7)","decl":{"start":{"line":31,"column":20},"end":{"line":31,"column":21}},"loc":{"start":{"line":31,"column":31},"end":{"line":38,"column":1}},"line":31}},"branchMap":{},"s":{"0":1,"1":1,"2":1,"3":4,"4":4,"5":1,"6":1,"7":0,"8":0,"9":0,"10":1,"11":0,"12":1,"13":0,"14":1,"15":0,"16":1,"17":0,"18":1},"f":{"0":4,"1":1,"2":0,"3":0,"4":0,"5":0,"6":0,"7":0},"b":{},"_coverageSchema":"1a1c01bbd47fc00a2c39e90264f33305004495a9","hash":"8b3c55b272a1fb470d2d2b588f1563aabbd06931"}
}
